New log file opened at Tue Jul 14 05:42:17 EDT 2015 by 13160@kweku-notebook
Taking next connection to: 57515
New client attempting to connect on port: 57516-57515
  Address = /169.254.245.200:57515
This client on port 57516 has uuid b9ee7cdf-6110-42b1-80ec-f833676852ba configName activator humanReadableName Activator protocolVersion 3 featureTags Vector()
Connected Clients: activator-b9ee7cdf-6110-42b1-80ec-f833676852ba
Taking next connection to: 57515
Checking to see if clients are empty...
We have 1 non-daemon clients, continuing serving connections.
Taking next connection to: 57515
Checking to see if clients are empty...
We have 1 non-daemon clients, continuing serving connections.
Taking next connection to: 57515
New client attempting to connect on port: 57546-57515
  Address = /169.254.245.200:57515
Handshake exception on socket: 57546
sbt.impl.ipc.HandshakeException: Unable to perform handshake
	at sbt.impl.ipc.Peer.handshake(IPC.scala:46)
	at sbt.impl.ipc.MultiClientServer.<init>(IPC.scala:150)
	at sbt.server.SbtServerSocketHandler$$anon$1.run(SbtServerSocketHandler.scala:43)
Caused by: java.net.SocketException: Software caused connection abort: recv failed
	at java.net.SocketInputStream.socketRead0(Native Method)
	at java.net.SocketInputStream.read(SocketInputStream.java:150)
	at java.net.SocketInputStream.read(SocketInputStream.java:121)
	at java.io.BufferedInputStream.fill(BufferedInputStream.java:246)
	at java.io.BufferedInputStream.read(BufferedInputStream.java:265)
	at java.io.DataInputStream.readInt(DataInputStream.java:387)
	at sbt.impl.ipc.Peer.receive(IPC.scala:95)
	at sbt.impl.ipc.Peer.handshake(IPC.scala:49)
	... 2 more
Taking next connection to: 57515
New client attempting to connect on port: 57547-57515
  Address = /169.254.245.200:57515
This client on port 57547 has uuid 449bf514-25be-486e-9789-22ea655f3718 configName play-fork-run humanReadableName Play Fork Run protocolVersion 1 featureTags Vector()
Connected Clients: activator-b9ee7cdf-6110-42b1-80ec-f833676852ba, play-fork-run-449bf514-25be-486e-9789-22ea655f3718
Taking next connection to: 57515
Checking to see if clients are empty...
We have 1 non-daemon clients, continuing serving connections.
Taking next connection to: 57515
Checking to see if clients are empty...
We have 1 non-daemon clients, continuing serving connections.
Taking next connection to: 57515
Checking to see if clients are empty...
We have 1 non-daemon clients, continuing serving connections.
Taking next connection to: 57515
Checking to see if clients are empty...
No non-daemon clients connected after 3 min. Shutting down.
1 daemon clients are connected.
Server socket thread exiting.
1 clients open, will close them...
All client sockets have been closed.
Closing the 13160@kweku-notebook logs at Tue Jul 14 06:02:55 EDT 2015, goodbye.
