New log file opened at Tue Jul 14 05:50:54 EDT 2015 by 13160@kweku-notebook
Sending msg to client play-fork-run-449bf514-25be-486e-9789-22ea655f3718: DetachedLogEvent(LogMessage(debug,sbt server socket logs are in: C:\Users\kweku\Documents\play\play-silhouette-postgres-async-seed\.sbtserver\connections\master.log))
Sending msg to client play-fork-run-449bf514-25be-486e-9789-22ea655f3718: DetachedLogEvent(LogMessage(debug,sbt general server logs are in: C:\Users\kweku\Documents\play\play-silhouette-postgres-async-seed\.sbtserver\master.log))
Sending msg to client play-fork-run-449bf514-25be-486e-9789-22ea655f3718: DetachedLogEvent(LogMessage(debug,sbt client logs are in: C:\Users\kweku\Documents\play\play-silhouette-postgres-async-seed\.sbtserver\connections\play-fork-run-449bf514-25be-486e-9789-22ea655f3718.log))
Reading next message from client.
Got request: DaemonRequest(true)
Reading next message from client.
Sending msg to client play-fork-run-449bf514-25be-486e-9789-22ea655f3718: (3,ReceivedResponse())
Got request: ListenToEvents()
Reading next message from client.
Sending msg to client play-fork-run-449bf514-25be-486e-9789-22ea655f3718: BackgroundJobStarted(9,BackgroundJobInfo(1,backgroundRun,AttributeKey[sbt.BackgroundJobHandle]("backgroundRun") in Scope(Build: file:/C:/Users/kweku/Documents/play/play-silhouette-postgres-async-seed/, , Project: ProjectReference(file:/C:/Users/kweku/Documents/play/play-silhouette-postgres-async-seed/,root), Config: compile)))
Sending msg to client play-fork-run-449bf514-25be-486e-9789-22ea655f3718: (4,ReceivedResponse())
Got request: KeyLookupRequest(root/playForkConfig)
Reading next message from client.
Sending msg to client play-fork-run-449bf514-25be-486e-9789-22ea655f3718: (5,KeyLookupResponse(root/playForkConfig,Vector(AttributeKey[play.forkrun.protocol.ForkConfig]("playForkConfig") in Scope(Build: file:/C:/Users/kweku/Documents/play/play-silhouette-postgres-async-seed/, , Project: ProjectReference(file:/C:/Users/kweku/Documents/play/play-silhouette-postgres-async-seed/,root)))))
Got request: ListenToValue(AttributeKey[play.forkrun.protocol.ForkConfig]("playForkConfig") in Scope(Build: file:/C:/Users/kweku/Documents/play/play-silhouette-postgres-async-seed/, , Project: ProjectReference(file:/C:/Users/kweku/Documents/play/play-silhouette-postgres-async-seed/,root)))
Reading next message from client.
Sending msg to client play-fork-run-449bf514-25be-486e-9789-22ea655f3718: (6,ReceivedResponse())
Got request: KeyExecutionRequest(AttributeKey[play.forkrun.protocol.ForkConfig]("playForkConfig") in Scope(Build: file:/C:/Users/kweku/Documents/play/play-silhouette-postgres-async-seed/, , Project: ProjectReference(file:/C:/Users/kweku/Documents/play/play-silhouette-postgres-async-seed/,root)))
Reading next message from client.
Sending msg to client play-fork-run-449bf514-25be-486e-9789-22ea655f3718: (7,ExecutionRequestReceived(10))
Sending msg to client play-fork-run-449bf514-25be-486e-9789-22ea655f3718: ExecutionWaiting(10,{file:/C:/Users/kweku/Documents/play/play-silhouette-postgres-async-seed/}root/*:playForkConfig,ClientInfo(449bf514-25be-486e-9789-22ea655f3718,play-fork-run,Play Fork Run,1,Vector()))
Sending msg to client play-fork-run-449bf514-25be-486e-9789-22ea655f3718: ExecutionStarting(10)
Sending msg to client play-fork-run-449bf514-25be-486e-9789-22ea655f3718: DetachedLogEvent(LogMessage(debug,> {file:/C:/Users/kweku/Documents/play/play-silhouette-postgres-async-seed/}root/*:playForkConfig))
Sending msg to client play-fork-run-449bf514-25be-486e-9789-22ea655f3718: DetachedLogEvent(LogMessage(debug,Evaluating tasks: *:playForkConfig))
Sending msg to client play-fork-run-449bf514-25be-486e-9789-22ea655f3718: DetachedLogEvent(LogMessage(debug,Running task... Cancel: sbt.server.ServerTaskCancellation@45bc20c7, check cycles: false))
Sending msg to client play-fork-run-449bf514-25be-486e-9789-22ea655f3718: DetachedLogEvent(LogMessage(debug,cancel strategy start enabled=true lastCommand=Some(LastCommand(CommandExecutionWork(ExecutionId(10),{file:/C:/Users/kweku/Documents/play/play-silhouette-postgres-async-seed/}root/*:playForkConfig,Set(LiveClient(play-fork-run 449bf514-25be-486e-9789-22ea655f3718)),sbt.server.WorkCancellationStatus$$anon$1@75226788)))))
Sending msg to client play-fork-run-449bf514-25be-486e-9789-22ea655f3718: TaskStarted(10,806,None)
Sending msg to client play-fork-run-449bf514-25be-486e-9789-22ea655f3718: TaskStarted(10,807,None)
Sending msg to client play-fork-run-449bf514-25be-486e-9789-22ea655f3718: TaskStarted(10,808,Some(AttributeKey[scala.Option[java.lang.String]]("mainClass") in Scope(Build: file:/C:/Users/kweku/Documents/play/play-silhouette-postgres-async-seed/, , Project: ProjectReference(file:/C:/Users/kweku/Documents/play/play-silhouette-postgres-async-seed/,root), Config: compile, Task: AttributeKey[void]("run"))))
Sending msg to client play-fork-run-449bf514-25be-486e-9789-22ea655f3718: TaskStarted(10,810,Some(AttributeKey[scala.Tuple2[java.lang.String,java.io.File]]("playPrefixAndAssets") in Scope(Build: file:/C:/Users/kweku/Documents/play/play-silhouette-postgres-async-seed/, , Project: ProjectReference(file:/C:/Users/kweku/Documents/play/play-silhouette-postgres-async-seed/,root))))
Sending msg to client play-fork-run-449bf514-25be-486e-9789-22ea655f3718: TaskStarted(10,815,None)
Sending msg to client play-fork-run-449bf514-25be-486e-9789-22ea655f3718: TaskStarted(10,822,Some(AttributeKey[boolean]("skip") in Scope(Global)))
Sending msg to client play-fork-run-449bf514-25be-486e-9789-22ea655f3718: TaskStarted(10,831,Some(AttributeKey[scala.Option[scala.collection.Seq[sbt.Resolver]]]("bootResolvers") in Scope(Build: file:/C:/Users/kweku/Documents/play/play-silhouette-postgres-async-seed/, , Project: ProjectReference(file:/C:/Users/kweku/Documents/play/play-silhouette-postgres-async-seed/,root))))
Sending msg to client play-fork-run-449bf514-25be-486e-9789-22ea655f3718: TaskStarted(10,835,Some(AttributeKey[scala.collection.Seq[sbt.Resolver]]("externalResolvers") in Scope(Build: file:/C:/Users/kweku/Documents/play/play-silhouette-postgres-async-seed/, , Project: ProjectReference(file:/C:/Users/kweku/Documents/play/play-silhouette-postgres-async-seed/,root))))
Sending msg to client play-fork-run-449bf514-25be-486e-9789-22ea655f3718: TaskStarted(10,837,Some(AttributeKey[scala.collection.Seq[sbt.Credentials]]("credentials") in Scope(Global)))
Sending msg to client play-fork-run-449bf514-25be-486e-9789-22ea655f3718: TaskStarted(10,839,None)
Sending msg to client play-fork-run-449bf514-25be-486e-9789-22ea655f3718: TaskStarted(10,840,None)
Sending msg to client play-fork-run-449bf514-25be-486e-9789-22ea655f3718: TaskStarted(10,844,Some(AttributeKey[java.lang.String]("updateCacheName") in Scope(Build: file:/C:/Users/kweku/Documents/play/play-silhouette-postgres-async-seed/, , Project: ProjectReference(file:/C:/Users/kweku/Documents/play/play-silhouette-postgres-async-seed/,root))))
Sending msg to client play-fork-run-449bf514-25be-486e-9789-22ea655f3718: TaskStarted(10,847,None)
Sending msg to client play-fork-run-449bf514-25be-486e-9789-22ea655f3718: TaskStarted(10,849,None)
Sending msg to client play-fork-run-449bf514-25be-486e-9789-22ea655f3718: TaskStarted(10,852,None)
Sending msg to client play-fork-run-449bf514-25be-486e-9789-22ea655f3718: TaskStarted(10,857,Some(AttributeKey[scala.collection.Seq[java.lang.String]]("javaOptions") in Scope(Global)))
Sending msg to client play-fork-run-449bf514-25be-486e-9789-22ea655f3718: TaskFinished(10,806,None,true,None)
Sending msg to client play-fork-run-449bf514-25be-486e-9789-22ea655f3718: TaskStarted(10,805,Some(AttributeKey[sbt.BuildStructure]("buildStructure") in Scope(Global)))
Sending msg to client play-fork-run-449bf514-25be-486e-9789-22ea655f3718: TaskStarted(10,846,Some(AttributeKey[java.io.File]("dependencyCacheDirectory") in Scope(Build: file:/C:/Users/kweku/Documents/play/play-silhouette-postgres-async-seed/, , Project: ProjectReference(file:/C:/Users/kweku/Documents/play/play-silhouette-postgres-async-seed/,root))))
Sending msg to client play-fork-run-449bf514-25be-486e-9789-22ea655f3718: TaskFinished(10,808,Some(AttributeKey[scala.Option[java.lang.String]]("mainClass") in Scope(Build: file:/C:/Users/kweku/Documents/play/play-silhouette-postgres-async-seed/, , Project: ProjectReference(file:/C:/Users/kweku/Documents/play/play-silhouette-postgres-async-seed/,root), Config: compile, Task: AttributeKey[void]("run"))),true,None)
Sending msg to client play-fork-run-449bf514-25be-486e-9789-22ea655f3718: TaskFinished(10,807,None,true,None)
Sending msg to client play-fork-run-449bf514-25be-486e-9789-22ea655f3718: TaskFinished(10,810,Some(AttributeKey[scala.Tuple2[java.lang.String,java.io.File]]("playPrefixAndAssets") in Scope(Build: file:/C:/Users/kweku/Documents/play/play-silhouette-postgres-async-seed/, , Project: ProjectReference(file:/C:/Users/kweku/Documents/play/play-silhouette-postgres-async-seed/,root))),true,None)
Sending msg to client play-fork-run-449bf514-25be-486e-9789-22ea655f3718: TaskStarted(10,809,Some(AttributeKey[scala.collection.Seq[scala.Tuple2[java.lang.String,java.io.File]]]("playAllAssets") in Scope(Build: file:/C:/Users/kweku/Documents/play/play-silhouette-postgres-async-seed/, , Project: ProjectReference(file:/C:/Users/kweku/Documents/play/play-silhouette-postgres-async-seed/,root))))
Sending msg to client play-fork-run-449bf514-25be-486e-9789-22ea655f3718: TaskFinished(10,835,Some(AttributeKey[scala.collection.Seq[sbt.Resolver]]("externalResolvers") in Scope(Build: file:/C:/Users/kweku/Documents/play/play-silhouette-postgres-async-seed/, , Project: ProjectReference(file:/C:/Users/kweku/Documents/play/play-silhouette-postgres-async-seed/,root))),true,None)
Sending msg to client play-fork-run-449bf514-25be-486e-9789-22ea655f3718: TaskFinished(10,822,Some(AttributeKey[boolean]("skip") in Scope(Global)),true,None)
Sending msg to client play-fork-run-449bf514-25be-486e-9789-22ea655f3718: TaskFinished(10,831,Some(AttributeKey[scala.Option[scala.collection.Seq[sbt.Resolver]]]("bootResolvers") in Scope(Build: file:/C:/Users/kweku/Documents/play/play-silhouette-postgres-async-seed/, , Project: ProjectReference(file:/C:/Users/kweku/Documents/play/play-silhouette-postgres-async-seed/,root))),true,None)
Sending msg to client play-fork-run-449bf514-25be-486e-9789-22ea655f3718: TaskFinished(10,837,Some(AttributeKey[scala.collection.Seq[sbt.Credentials]]("credentials") in Scope(Global)),true,None)
Sending msg to client play-fork-run-449bf514-25be-486e-9789-22ea655f3718: TaskFinished(10,839,None,true,None)
Sending msg to client play-fork-run-449bf514-25be-486e-9789-22ea655f3718: TaskFinished(10,840,None,true,None)
Sending msg to client play-fork-run-449bf514-25be-486e-9789-22ea655f3718: TaskStarted(10,838,Some(AttributeKey[scala.collection.Seq[sbt.UpdateReport]]("transitiveUpdate") in Scope(Build: file:/C:/Users/kweku/Documents/play/play-silhouette-postgres-async-seed/, , Project: ProjectReference(file:/C:/Users/kweku/Documents/play/play-silhouette-postgres-async-seed/,root))))
Sending msg to client play-fork-run-449bf514-25be-486e-9789-22ea655f3718: TaskFinished(10,847,None,true,None)
Sending msg to client play-fork-run-449bf514-25be-486e-9789-22ea655f3718: TaskFinished(10,849,None,true,None)
Sending msg to client play-fork-run-449bf514-25be-486e-9789-22ea655f3718: TaskFinished(10,844,Some(AttributeKey[java.lang.String]("updateCacheName") in Scope(Build: file:/C:/Users/kweku/Documents/play/play-silhouette-postgres-async-seed/, , Project: ProjectReference(file:/C:/Users/kweku/Documents/play/play-silhouette-postgres-async-seed/,root))),true,None)
Sending msg to client play-fork-run-449bf514-25be-486e-9789-22ea655f3718: TaskFinished(10,852,None,true,None)
Sending msg to client play-fork-run-449bf514-25be-486e-9789-22ea655f3718: TaskFinished(10,857,Some(AttributeKey[scala.collection.Seq[java.lang.String]]("javaOptions") in Scope(Global)),true,None)
Sending msg to client play-fork-run-449bf514-25be-486e-9789-22ea655f3718: TaskFinished(10,805,Some(AttributeKey[sbt.BuildStructure]("buildStructure") in Scope(Global)),true,None)
Sending msg to client play-fork-run-449bf514-25be-486e-9789-22ea655f3718: TaskStarted(10,804,Some(AttributeKey[sbt.Settings[sbt.Scope]]("settingsData") in Scope(Global)))
Sending msg to client play-fork-run-449bf514-25be-486e-9789-22ea655f3718: TaskFinished(10,846,Some(AttributeKey[java.io.File]("dependencyCacheDirectory") in Scope(Build: file:/C:/Users/kweku/Documents/play/play-silhouette-postgres-async-seed/, , Project: ProjectReference(file:/C:/Users/kweku/Documents/play/play-silhouette-postgres-async-seed/,root))),true,None)
Sending msg to client play-fork-run-449bf514-25be-486e-9789-22ea655f3718: TaskFinished(10,804,Some(AttributeKey[sbt.Settings[sbt.Scope]]("settingsData") in Scope(Global)),true,None)
Sending msg to client play-fork-run-449bf514-25be-486e-9789-22ea655f3718: TaskStarted(10,803,Some(AttributeKey[scala.collection.Seq[java.io.File]]("playMonitoredFiles") in Scope(Build: file:/C:/Users/kweku/Documents/play/play-silhouette-postgres-async-seed/, , Project: ProjectReference(file:/C:/Users/kweku/Documents/play/play-silhouette-postgres-async-seed/,root))))
Sending msg to client play-fork-run-449bf514-25be-486e-9789-22ea655f3718: TaskStarted(10,816,None)
Sending msg to client play-fork-run-449bf514-25be-486e-9789-22ea655f3718: TaskStarted(10,826,Some(AttributeKey[scala.collection.Seq[sbt.ModuleID]]("projectDependencies") in Scope(Build: file:/C:/Users/kweku/Documents/play/play-silhouette-postgres-async-seed/, , Project: ProjectReference(file:/C:/Users/kweku/Documents/play/play-silhouette-postgres-async-seed/,root))))
Sending msg to client play-fork-run-449bf514-25be-486e-9789-22ea655f3718: TaskStarted(10,848,None)
Sending msg to client play-fork-run-449bf514-25be-486e-9789-22ea655f3718: TaskFinished(10,838,Some(AttributeKey[scala.collection.Seq[sbt.UpdateReport]]("transitiveUpdate") in Scope(Build: file:/C:/Users/kweku/Documents/play/play-silhouette-postgres-async-seed/, , Project: ProjectReference(file:/C:/Users/kweku/Documents/play/play-silhouette-postgres-async-seed/,root))),true,None)
Sending msg to client play-fork-run-449bf514-25be-486e-9789-22ea655f3718: TaskFinished(10,809,Some(AttributeKey[scala.collection.Seq[scala.Tuple2[java.lang.String,java.io.File]]]("playAllAssets") in Scope(Build: file:/C:/Users/kweku/Documents/play/play-silhouette-postgres-async-seed/, , Project: ProjectReference(file:/C:/Users/kweku/Documents/play/play-silhouette-postgres-async-seed/,root))),true,None)
Sending msg to client play-fork-run-449bf514-25be-486e-9789-22ea655f3718: TaskStarted(10,858,None)
Sending msg to client play-fork-run-449bf514-25be-486e-9789-22ea655f3718: TaskStarted(10,864,None)
Sending msg to client play-fork-run-449bf514-25be-486e-9789-22ea655f3718: TaskStarted(10,866,None)
Sending msg to client play-fork-run-449bf514-25be-486e-9789-22ea655f3718: TaskStarted(10,869,None)
Sending msg to client play-fork-run-449bf514-25be-486e-9789-22ea655f3718: TaskFinished(10,826,Some(AttributeKey[scala.collection.Seq[sbt.ModuleID]]("projectDependencies") in Scope(Build: file:/C:/Users/kweku/Documents/play/play-silhouette-postgres-async-seed/, , Project: ProjectReference(file:/C:/Users/kweku/Documents/play/play-silhouette-postgres-async-seed/,root))),true,None)
Sending msg to client play-fork-run-449bf514-25be-486e-9789-22ea655f3718: TaskStarted(10,825,Some(AttributeKey[scala.collection.Seq[sbt.ModuleID]]("allDependencies") in Scope(Build: file:/C:/Users/kweku/Documents/play/play-silhouette-postgres-async-seed/, , Project: ProjectReference(file:/C:/Users/kweku/Documents/play/play-silhouette-postgres-async-seed/,root))))
Sending msg to client play-fork-run-449bf514-25be-486e-9789-22ea655f3718: TaskStarted(10,870,None)
Sending msg to client play-fork-run-449bf514-25be-486e-9789-22ea655f3718: TaskFinished(10,864,None,true,None)
Sending msg to client play-fork-run-449bf514-25be-486e-9789-22ea655f3718: TaskFinished(10,815,None,true,None)
Sending msg to client play-fork-run-449bf514-25be-486e-9789-22ea655f3718: TaskStarted(10,814,None)
Sending msg to client play-fork-run-449bf514-25be-486e-9789-22ea655f3718: TaskStarted(10,828,None)
Sending msg to client play-fork-run-449bf514-25be-486e-9789-22ea655f3718: TaskStarted(10,834,None)
Sending msg to client play-fork-run-449bf514-25be-486e-9789-22ea655f3718: TaskStarted(10,836,None)
Sending msg to client play-fork-run-449bf514-25be-486e-9789-22ea655f3718: TaskStarted(10,843,None)
Sending msg to client play-fork-run-449bf514-25be-486e-9789-22ea655f3718: TaskStarted(10,845,None)
Sending msg to client play-fork-run-449bf514-25be-486e-9789-22ea655f3718: TaskStarted(10,853,None)
Sending msg to client play-fork-run-449bf514-25be-486e-9789-22ea655f3718: TaskStarted(10,854,None)
Sending msg to client play-fork-run-449bf514-25be-486e-9789-22ea655f3718: TaskStarted(10,863,None)
Sending msg to client play-fork-run-449bf514-25be-486e-9789-22ea655f3718: TaskStarted(10,868,None)
Sending msg to client play-fork-run-449bf514-25be-486e-9789-22ea655f3718: TaskFinished(10,825,Some(AttributeKey[scala.collection.Seq[sbt.ModuleID]]("allDependencies") in Scope(Build: file:/C:/Users/kweku/Documents/play/play-silhouette-postgres-async-seed/, , Project: ProjectReference(file:/C:/Users/kweku/Documents/play/play-silhouette-postgres-async-seed/,root))),true,None)
Sending msg to client play-fork-run-449bf514-25be-486e-9789-22ea655f3718: TaskStarted(10,824,Some(AttributeKey[sbt.ModuleSettings]("moduleSettings") in Scope(Build: file:/C:/Users/kweku/Documents/play/play-silhouette-postgres-async-seed/, , Project: ProjectReference(file:/C:/Users/kweku/Documents/play/play-silhouette-postgres-async-seed/,root))))
Sending msg to client play-fork-run-449bf514-25be-486e-9789-22ea655f3718: TaskFinished(10,870,None,true,None)
Sending msg to client play-fork-run-449bf514-25be-486e-9789-22ea655f3718: TaskFinished(10,848,None,true,None)
Sending msg to client play-fork-run-449bf514-25be-486e-9789-22ea655f3718: TaskFinished(10,814,None,true,None)
Sending msg to client play-fork-run-449bf514-25be-486e-9789-22ea655f3718: TaskFinished(10,866,None,true,None)
Sending msg to client play-fork-run-449bf514-25be-486e-9789-22ea655f3718: TaskStarted(10,865,None)
Sending msg to client play-fork-run-449bf514-25be-486e-9789-22ea655f3718: TaskFinished(10,828,None,true,None)
Sending msg to client play-fork-run-449bf514-25be-486e-9789-22ea655f3718: TaskFinished(10,836,None,true,None)
Sending msg to client play-fork-run-449bf514-25be-486e-9789-22ea655f3718: TaskFinished(10,843,None,true,None)
Sending msg to client play-fork-run-449bf514-25be-486e-9789-22ea655f3718: TaskStarted(10,842,Some(AttributeKey[scala.collection.immutable.Map[sbt.ModuleID,sbt.SourcePosition]]("dependencyPositions") in Scope(Build: file:/C:/Users/kweku/Documents/play/play-silhouette-postgres-async-seed/, , Project: ProjectReference(file:/C:/Users/kweku/Documents/play/play-silhouette-postgres-async-seed/,root))))
Sending msg to client play-fork-run-449bf514-25be-486e-9789-22ea655f3718: TaskFinished(10,845,None,true,None)
Sending msg to client play-fork-run-449bf514-25be-486e-9789-22ea655f3718: TaskFinished(10,853,None,true,None)
Sending msg to client play-fork-run-449bf514-25be-486e-9789-22ea655f3718: TaskFinished(10,854,None,true,None)
Sending msg to client play-fork-run-449bf514-25be-486e-9789-22ea655f3718: TaskFinished(10,863,None,true,None)
Sending msg to client play-fork-run-449bf514-25be-486e-9789-22ea655f3718: TaskStarted(10,862,Some(AttributeKey[scala.collection.Seq[sbt.Attributed[java.io.File]]]("unmanagedJars") in Scope(Build: file:/C:/Users/kweku/Documents/play/play-silhouette-postgres-async-seed/, , Project: ProjectReference(file:/C:/Users/kweku/Documents/play/play-silhouette-postgres-async-seed/,root), Config: compile)))
Sending msg to client play-fork-run-449bf514-25be-486e-9789-22ea655f3718: TaskFinished(10,868,None,true,None)
Sending msg to client play-fork-run-449bf514-25be-486e-9789-22ea655f3718: TaskFinished(10,824,Some(AttributeKey[sbt.ModuleSettings]("moduleSettings") in Scope(Build: file:/C:/Users/kweku/Documents/play/play-silhouette-postgres-async-seed/, , Project: ProjectReference(file:/C:/Users/kweku/Documents/play/play-silhouette-postgres-async-seed/,root))),true,None)
Sending msg to client play-fork-run-449bf514-25be-486e-9789-22ea655f3718: TaskFinished(10,858,None,true,None)
Sending msg to client play-fork-run-449bf514-25be-486e-9789-22ea655f3718: TaskFinished(10,803,Some(AttributeKey[scala.collection.Seq[java.io.File]]("playMonitoredFiles") in Scope(Build: file:/C:/Users/kweku/Documents/play/play-silhouette-postgres-async-seed/, , Project: ProjectReference(file:/C:/Users/kweku/Documents/play/play-silhouette-postgres-async-seed/,root))),true,None)
Sending msg to client play-fork-run-449bf514-25be-486e-9789-22ea655f3718: TaskFinished(10,869,None,true,None)
Sending msg to client play-fork-run-449bf514-25be-486e-9789-22ea655f3718: TaskStarted(10,867,Some(AttributeKey[scala.collection.Seq[sbt.Attributed[java.io.File]]]("unmanagedJars") in Scope(Build: file:/C:/Users/kweku/Documents/play/play-silhouette-postgres-async-seed/, , Project: ProjectReference(file:/C:/Users/kweku/Documents/play/play-silhouette-postgres-async-seed/,root), Config: runtime)))
Sending msg to client play-fork-run-449bf514-25be-486e-9789-22ea655f3718: TaskStarted(10,871,None)
Sending msg to client play-fork-run-449bf514-25be-486e-9789-22ea655f3718: TaskFinished(10,834,None,true,None)
Sending msg to client play-fork-run-449bf514-25be-486e-9789-22ea655f3718: TaskStarted(10,833,Some(AttributeKey[scala.collection.immutable.Map[org.apache.ivy.core.module.id.ModuleRevisionId,org.apache.ivy.core.module.descriptor.ModuleDescriptor]]("projectDescriptors") in Scope(Build: file:/C:/Users/kweku/Documents/play/play-silhouette-postgres-async-seed/, , Project: ProjectReference(file:/C:/Users/kweku/Documents/play/play-silhouette-postgres-async-seed/,root))))
Sending msg to client play-fork-run-449bf514-25be-486e-9789-22ea655f3718: TaskFinished(10,862,Some(AttributeKey[scala.collection.Seq[sbt.Attributed[java.io.File]]]("unmanagedJars") in Scope(Build: file:/C:/Users/kweku/Documents/play/play-silhouette-postgres-async-seed/, , Project: ProjectReference(file:/C:/Users/kweku/Documents/play/play-silhouette-postgres-async-seed/,root), Config: compile)),true,None)
Sending msg to client play-fork-run-449bf514-25be-486e-9789-22ea655f3718: TaskFinished(10,842,Some(AttributeKey[scala.collection.immutable.Map[sbt.ModuleID,sbt.SourcePosition]]("dependencyPositions") in Scope(Build: file:/C:/Users/kweku/Documents/play/play-silhouette-postgres-async-seed/, , Project: ProjectReference(file:/C:/Users/kweku/Documents/play/play-silhouette-postgres-async-seed/,root))),true,None)
Sending msg to client play-fork-run-449bf514-25be-486e-9789-22ea655f3718: TaskStarted(10,841,Some(AttributeKey[sbt.UnresolvedWarningConfiguration]("unresolvedWarningConfiguration") in Scope(Build: file:/C:/Users/kweku/Documents/play/play-silhouette-postgres-async-seed/, , Project: ProjectReference(file:/C:/Users/kweku/Documents/play/play-silhouette-postgres-async-seed/,root), Task: AttributeKey[sbt.UpdateReport]("update"))))
Sending msg to client play-fork-run-449bf514-25be-486e-9789-22ea655f3718: TaskFinished(10,871,None,true,None)
Sending msg to client play-fork-run-449bf514-25be-486e-9789-22ea655f3718: TaskFinished(10,865,None,true,None)
Sending msg to client play-fork-run-449bf514-25be-486e-9789-22ea655f3718: TaskStarted(10,861,Some(AttributeKey[scala.collection.Seq[sbt.Attributed[java.io.File]]]("unmanagedJars") in Scope(Build: file:/C:/Users/kweku/Documents/play/play-silhouette-postgres-async-seed/, , Project: ProjectReference(file:/C:/Users/kweku/Documents/play/play-silhouette-postgres-async-seed/,root), Config: compile)))
Sending msg to client play-fork-run-449bf514-25be-486e-9789-22ea655f3718: TaskStarted(10,873,None)
Sending msg to client play-fork-run-449bf514-25be-486e-9789-22ea655f3718: TaskFinished(10,841,Some(AttributeKey[sbt.UnresolvedWarningConfiguration]("unresolvedWarningConfiguration") in Scope(Build: file:/C:/Users/kweku/Documents/play/play-silhouette-postgres-async-seed/, , Project: ProjectReference(file:/C:/Users/kweku/Documents/play/play-silhouette-postgres-async-seed/,root), Task: AttributeKey[sbt.UpdateReport]("update"))),true,None)
Sending msg to client play-fork-run-449bf514-25be-486e-9789-22ea655f3718: TaskFinished(10,873,None,true,None)
Sending msg to client play-fork-run-449bf514-25be-486e-9789-22ea655f3718: TaskStarted(10,872,None)
Sending msg to client play-fork-run-449bf514-25be-486e-9789-22ea655f3718: TaskFinished(10,872,None,true,None)
Sending msg to client play-fork-run-449bf514-25be-486e-9789-22ea655f3718: TaskFinished(10,833,Some(AttributeKey[scala.collection.immutable.Map[org.apache.ivy.core.module.id.ModuleRevisionId,org.apache.ivy.core.module.descriptor.ModuleDescriptor]]("projectDescriptors") in Scope(Build: file:/C:/Users/kweku/Documents/play/play-silhouette-postgres-async-seed/, , Project: ProjectReference(file:/C:/Users/kweku/Documents/play/play-silhouette-postgres-async-seed/,root))),true,None)
Sending msg to client play-fork-run-449bf514-25be-486e-9789-22ea655f3718: TaskStarted(10,832,Some(AttributeKey[sbt.Resolver]("projectResolver") in Scope(Build: file:/C:/Users/kweku/Documents/play/play-silhouette-postgres-async-seed/, , Project: ProjectReference(file:/C:/Users/kweku/Documents/play/play-silhouette-postgres-async-seed/,root))))
Sending msg to client play-fork-run-449bf514-25be-486e-9789-22ea655f3718: TaskFinished(10,832,Some(AttributeKey[sbt.Resolver]("projectResolver") in Scope(Build: file:/C:/Users/kweku/Documents/play/play-silhouette-postgres-async-seed/, , Project: ProjectReference(file:/C:/Users/kweku/Documents/play/play-silhouette-postgres-async-seed/,root))),true,None)
Sending msg to client play-fork-run-449bf514-25be-486e-9789-22ea655f3718: TaskStarted(10,830,Some(AttributeKey[scala.collection.Seq[sbt.Resolver]]("fullResolvers") in Scope(Build: file:/C:/Users/kweku/Documents/play/play-silhouette-postgres-async-seed/, , Project: ProjectReference(file:/C:/Users/kweku/Documents/play/play-silhouette-postgres-async-seed/,root))))
Sending msg to client play-fork-run-449bf514-25be-486e-9789-22ea655f3718: TaskFinished(10,830,Some(AttributeKey[scala.collection.Seq[sbt.Resolver]]("fullResolvers") in Scope(Build: file:/C:/Users/kweku/Documents/play/play-silhouette-postgres-async-seed/, , Project: ProjectReference(file:/C:/Users/kweku/Documents/play/play-silhouette-postgres-async-seed/,root))),true,None)
Sending msg to client play-fork-run-449bf514-25be-486e-9789-22ea655f3718: TaskStarted(10,829,Some(AttributeKey[sbt.IvyConfiguration]("ivyConfiguration") in Scope(Build: file:/C:/Users/kweku/Documents/play/play-silhouette-postgres-async-seed/, , Project: ProjectReference(file:/C:/Users/kweku/Documents/play/play-silhouette-postgres-async-seed/,root))))
Sending msg to client play-fork-run-449bf514-25be-486e-9789-22ea655f3718: TaskFinished(10,829,Some(AttributeKey[sbt.IvyConfiguration]("ivyConfiguration") in Scope(Build: file:/C:/Users/kweku/Documents/play/play-silhouette-postgres-async-seed/, , Project: ProjectReference(file:/C:/Users/kweku/Documents/play/play-silhouette-postgres-async-seed/,root))),true,None)
Sending msg to client play-fork-run-449bf514-25be-486e-9789-22ea655f3718: TaskStarted(10,827,Some(AttributeKey[sbt.IvySbt]("ivySbt") in Scope(Build: file:/C:/Users/kweku/Documents/play/play-silhouette-postgres-async-seed/, , Project: ProjectReference(file:/C:/Users/kweku/Documents/play/play-silhouette-postgres-async-seed/,root))))
Sending msg to client play-fork-run-449bf514-25be-486e-9789-22ea655f3718: TaskFinished(10,827,Some(AttributeKey[sbt.IvySbt]("ivySbt") in Scope(Build: file:/C:/Users/kweku/Documents/play/play-silhouette-postgres-async-seed/, , Project: ProjectReference(file:/C:/Users/kweku/Documents/play/play-silhouette-postgres-async-seed/,root))),true,None)
Sending msg to client play-fork-run-449bf514-25be-486e-9789-22ea655f3718: TaskStarted(10,823,Some(AttributeKey[sbt.IvySbt$Module]("ivyModule") in Scope(Build: file:/C:/Users/kweku/Documents/play/play-silhouette-postgres-async-seed/, , Project: ProjectReference(file:/C:/Users/kweku/Documents/play/play-silhouette-postgres-async-seed/,root))))
Sending msg to client play-fork-run-449bf514-25be-486e-9789-22ea655f3718: TaskFinished(10,861,Some(AttributeKey[scala.collection.Seq[sbt.Attributed[java.io.File]]]("unmanagedJars") in Scope(Build: file:/C:/Users/kweku/Documents/play/play-silhouette-postgres-async-seed/, , Project: ProjectReference(file:/C:/Users/kweku/Documents/play/play-silhouette-postgres-async-seed/,root), Config: compile)),true,None)
Sending msg to client play-fork-run-449bf514-25be-486e-9789-22ea655f3718: TaskFinished(10,823,Some(AttributeKey[sbt.IvySbt$Module]("ivyModule") in Scope(Build: file:/C:/Users/kweku/Documents/play/play-silhouette-postgres-async-seed/, , Project: ProjectReference(file:/C:/Users/kweku/Documents/play/play-silhouette-postgres-async-seed/,root))),true,None)
Sending msg to client play-fork-run-449bf514-25be-486e-9789-22ea655f3718: TaskStarted(10,821,Some(AttributeKey[sbt.UpdateReport]("update") in Scope(Build: file:/C:/Users/kweku/Documents/play/play-silhouette-postgres-async-seed/, , Project: ProjectReference(file:/C:/Users/kweku/Documents/play/play-silhouette-postgres-async-seed/,root))))
Sending msg to client play-fork-run-449bf514-25be-486e-9789-22ea655f3718: TaskFinished(10,867,Some(AttributeKey[scala.collection.Seq[sbt.Attributed[java.io.File]]]("unmanagedJars") in Scope(Build: file:/C:/Users/kweku/Documents/play/play-silhouette-postgres-async-seed/, , Project: ProjectReference(file:/C:/Users/kweku/Documents/play/play-silhouette-postgres-async-seed/,root), Config: runtime)),true,None)
Sending msg to client play-fork-run-449bf514-25be-486e-9789-22ea655f3718: TaskStarted(10,860,None)
Sending msg to client play-fork-run-449bf514-25be-486e-9789-22ea655f3718: TaskFinished(10,860,None,true,None)
Sending msg to client play-fork-run-449bf514-25be-486e-9789-22ea655f3718: TaskStarted(10,859,None)
Sending msg to client play-fork-run-449bf514-25be-486e-9789-22ea655f3718: TaskFinished(10,859,None,true,None)
Sending msg to client play-fork-run-449bf514-25be-486e-9789-22ea655f3718: TaskFinished(10,816,None,true,None)
Sending msg to client play-fork-run-449bf514-25be-486e-9789-22ea655f3718: TaskStarted(10,813,Some(AttributeKey[scala.collection.Seq[sbt.Attributed[java.io.File]]]("unmanagedClasspath") in Scope(Build: file:/C:/Users/kweku/Documents/play/play-silhouette-postgres-async-seed/, , Project: ProjectReference(file:/C:/Users/kweku/Documents/play/play-silhouette-postgres-async-seed/,root), Config: runtime)))
Sending msg to client play-fork-run-449bf514-25be-486e-9789-22ea655f3718: TaskFinished(10,813,Some(AttributeKey[scala.collection.Seq[sbt.Attributed[java.io.File]]]("unmanagedClasspath") in Scope(Build: file:/C:/Users/kweku/Documents/play/play-silhouette-postgres-async-seed/, , Project: ProjectReference(file:/C:/Users/kweku/Documents/play/play-silhouette-postgres-async-seed/,root), Config: runtime)),true,None)
Sending msg to client play-fork-run-449bf514-25be-486e-9789-22ea655f3718: TaskFinished(10,821,Some(AttributeKey[sbt.UpdateReport]("update") in Scope(Build: file:/C:/Users/kweku/Documents/play/play-silhouette-postgres-async-seed/, , Project: ProjectReference(file:/C:/Users/kweku/Documents/play/play-silhouette-postgres-async-seed/,root))),true,None)
Sending msg to client play-fork-run-449bf514-25be-486e-9789-22ea655f3718: TaskStarted(10,820,Some(AttributeKey[sbt.UpdateReport]("update") in Scope(Build: file:/C:/Users/kweku/Documents/play/play-silhouette-postgres-async-seed/, , Project: ProjectReference(file:/C:/Users/kweku/Documents/play/play-silhouette-postgres-async-seed/,root))))
Sending msg to client play-fork-run-449bf514-25be-486e-9789-22ea655f3718: TaskFinished(10,820,Some(AttributeKey[sbt.UpdateReport]("update") in Scope(Build: file:/C:/Users/kweku/Documents/play/play-silhouette-postgres-async-seed/, , Project: ProjectReference(file:/C:/Users/kweku/Documents/play/play-silhouette-postgres-async-seed/,root))),true,None)
Sending msg to client play-fork-run-449bf514-25be-486e-9789-22ea655f3718: TaskStarted(10,851,Some(AttributeKey[sbt.Configuration]("classpathConfiguration") in Scope(Build: file:/C:/Users/kweku/Documents/play/play-silhouette-postgres-async-seed/, , Project: ProjectReference(file:/C:/Users/kweku/Documents/play/play-silhouette-postgres-async-seed/,root), Config: compile)))
Sending msg to client play-fork-run-449bf514-25be-486e-9789-22ea655f3718: TaskStarted(10,856,Some(AttributeKey[scala.collection.Seq[sbt.Attributed[java.io.File]]]("managedClasspath") in Scope(Build: file:/C:/Users/kweku/Documents/play/play-silhouette-postgres-async-seed/, , Project: ProjectReference(file:/C:/Users/kweku/Documents/play/play-silhouette-postgres-async-seed/,root), Config: docs)))
Sending msg to client play-fork-run-449bf514-25be-486e-9789-22ea655f3718: TaskFinished(10,851,Some(AttributeKey[sbt.Configuration]("classpathConfiguration") in Scope(Build: file:/C:/Users/kweku/Documents/play/play-silhouette-postgres-async-seed/, , Project: ProjectReference(file:/C:/Users/kweku/Documents/play/play-silhouette-postgres-async-seed/,root), Config: compile)),true,None)
Sending msg to client play-fork-run-449bf514-25be-486e-9789-22ea655f3718: TaskStarted(10,850,None)
Sending msg to client play-fork-run-449bf514-25be-486e-9789-22ea655f3718: TaskFinished(10,856,Some(AttributeKey[scala.collection.Seq[sbt.Attributed[java.io.File]]]("managedClasspath") in Scope(Build: file:/C:/Users/kweku/Documents/play/play-silhouette-postgres-async-seed/, , Project: ProjectReference(file:/C:/Users/kweku/Documents/play/play-silhouette-postgres-async-seed/,root), Config: docs)),true,None)
Sending msg to client play-fork-run-449bf514-25be-486e-9789-22ea655f3718: TaskStarted(10,855,Some(AttributeKey[scala.Option[java.io.File]]("playDocsJar") in Scope(Build: file:/C:/Users/kweku/Documents/play/play-silhouette-postgres-async-seed/, , Project: ProjectReference(file:/C:/Users/kweku/Documents/play/play-silhouette-postgres-async-seed/,root))))
Sending msg to client play-fork-run-449bf514-25be-486e-9789-22ea655f3718: TaskFinished(10,850,None,true,None)
Sending msg to client play-fork-run-449bf514-25be-486e-9789-22ea655f3718: TaskStarted(10,819,Some(AttributeKey[sbt.Configuration]("classpathConfiguration") in Scope(Build: file:/C:/Users/kweku/Documents/play/play-silhouette-postgres-async-seed/, , Project: ProjectReference(file:/C:/Users/kweku/Documents/play/play-silhouette-postgres-async-seed/,root), Config: runtime)))
Sending msg to client play-fork-run-449bf514-25be-486e-9789-22ea655f3718: TaskFinished(10,855,Some(AttributeKey[scala.Option[java.io.File]]("playDocsJar") in Scope(Build: file:/C:/Users/kweku/Documents/play/play-silhouette-postgres-async-seed/, , Project: ProjectReference(file:/C:/Users/kweku/Documents/play/play-silhouette-postgres-async-seed/,root))),true,None)
Sending msg to client play-fork-run-449bf514-25be-486e-9789-22ea655f3718: TaskFinished(10,819,Some(AttributeKey[sbt.Configuration]("classpathConfiguration") in Scope(Build: file:/C:/Users/kweku/Documents/play/play-silhouette-postgres-async-seed/, , Project: ProjectReference(file:/C:/Users/kweku/Documents/play/play-silhouette-postgres-async-seed/,root), Config: runtime)),true,None)
Sending msg to client play-fork-run-449bf514-25be-486e-9789-22ea655f3718: TaskStarted(10,818,None)
Sending msg to client play-fork-run-449bf514-25be-486e-9789-22ea655f3718: TaskFinished(10,818,None,true,None)
Sending msg to client play-fork-run-449bf514-25be-486e-9789-22ea655f3718: TaskStarted(10,817,Some(AttributeKey[scala.collection.Seq[sbt.Attributed[java.io.File]]]("managedClasspath") in Scope(Build: file:/C:/Users/kweku/Documents/play/play-silhouette-postgres-async-seed/, , Project: ProjectReference(file:/C:/Users/kweku/Documents/play/play-silhouette-postgres-async-seed/,root), Config: runtime)))
Sending msg to client play-fork-run-449bf514-25be-486e-9789-22ea655f3718: TaskFinished(10,817,Some(AttributeKey[scala.collection.Seq[sbt.Attributed[java.io.File]]]("managedClasspath") in Scope(Build: file:/C:/Users/kweku/Documents/play/play-silhouette-postgres-async-seed/, , Project: ProjectReference(file:/C:/Users/kweku/Documents/play/play-silhouette-postgres-async-seed/,root), Config: runtime)),true,None)
Sending msg to client play-fork-run-449bf514-25be-486e-9789-22ea655f3718: TaskStarted(10,812,None)
Sending msg to client play-fork-run-449bf514-25be-486e-9789-22ea655f3718: TaskFinished(10,812,None,true,None)
Sending msg to client play-fork-run-449bf514-25be-486e-9789-22ea655f3718: TaskStarted(10,811,Some(AttributeKey[scala.collection.Seq[sbt.Attributed[java.io.File]]]("playDependencyClasspath") in Scope(Build: file:/C:/Users/kweku/Documents/play/play-silhouette-postgres-async-seed/, , Project: ProjectReference(file:/C:/Users/kweku/Documents/play/play-silhouette-postgres-async-seed/,root))))
Sending msg to client play-fork-run-449bf514-25be-486e-9789-22ea655f3718: TaskFinished(10,811,Some(AttributeKey[scala.collection.Seq[sbt.Attributed[java.io.File]]]("playDependencyClasspath") in Scope(Build: file:/C:/Users/kweku/Documents/play/play-silhouette-postgres-async-seed/, , Project: ProjectReference(file:/C:/Users/kweku/Documents/play/play-silhouette-postgres-async-seed/,root))),true,None)
Sending msg to client play-fork-run-449bf514-25be-486e-9789-22ea655f3718: TaskStarted(10,802,Some(AttributeKey[play.forkrun.protocol.ForkConfig]("playForkConfig") in Scope(Build: file:/C:/Users/kweku/Documents/play/play-silhouette-postgres-async-seed/, , Project: ProjectReference(file:/C:/Users/kweku/Documents/play/play-silhouette-postgres-async-seed/,root))))
Sending msg to client play-fork-run-449bf514-25be-486e-9789-22ea655f3718: TaskFinished(10,802,Some(AttributeKey[play.forkrun.protocol.ForkConfig]("playForkConfig") in Scope(Build: file:/C:/Users/kweku/Documents/play/play-silhouette-postgres-async-seed/, , Project: ProjectReference(file:/C:/Users/kweku/Documents/play/play-silhouette-postgres-async-seed/,root))),true,None)
Sending msg to client play-fork-run-449bf514-25be-486e-9789-22ea655f3718: ValueChanged(AttributeKey[play.forkrun.protocol.ForkConfig]("playForkConfig") in Scope(Build: file:/C:/Users/kweku/Documents/play/play-silhouette-postgres-async-seed/, , Project: ProjectReference(file:/C:/Users/kweku/Documents/play/play-silhouette-postgres-async-seed/,root)),TaskSuccess(BuildValue(LazyValue(ForkConfig(C:\Users\kweku\Documents\play\play-silhouette-postgres-async-seed,List(),List(C:\Users\kweku\.ivy2\cache\org.scala-lang\scala-library\jars\scala-library-2.11.7.jar, C:\Users\kweku\.ivy2\cache\com.typesafe.play\twirl-api_2.11\jars\twirl-api_2.11-1.1.1.jar, C:\Users\kweku\.ivy2\cache\org.apache.commons\commons-lang3\jars\commons-lang3-3.4.jar, C:\Users\kweku\.ivy2\cache\org.scala-lang.modules\scala-xml_2.11\bundles\scala-xml_2.11-1.0.1.jar, C:\Users\kweku\.ivy2\cache\com.typesafe.play\play-server_2.11\jars\play-server_2.11-2.4.2.jar, C:\Users\kweku\.ivy2\cache\com.typesafe.play\play_2.11\jars\play_2.11-2.4.2.jar, C:\Users\kweku\.ivy2\cache\com.typesafe.play\build-link\jars\build-link-2.4.2.jar, C:\Users\kweku\.ivy2\cache\com.typesafe.play\play-exceptions\jars\play-exceptions-2.4.2.jar, C:\Users\kweku\.ivy2\cache\org.javassist\javassist\bundles\javassist-3.19.0-GA.jar, C:\Users\kweku\.ivy2\cache\com.typesafe.play\play-iteratees_2.11\jars\play-iteratees_2.11-2.4.2.jar, C:\Users\kweku\.ivy2\cache\org.scala-stm\scala-stm_2.11\jars\scala-stm_2.11-0.7.jar, C:\Users\kweku\.ivy2\cache\com.typesafe\config\bundles\config-1.3.0.jar, C:\Users\kweku\.ivy2\cache\com.typesafe.play\play-json_2.11\jars\play-json_2.11-2.4.2.jar, C:\Users\kweku\.ivy2\cache\com.typesafe.play\play-functional_2.11\jars\play-functional_2.11-2.4.2.jar, C:\Users\kweku\.ivy2\cache\com.typesafe.play\play-datacommons_2.11\jars\play-datacommons_2.11-2.4.2.jar, C:\Users\kweku\.ivy2\cache\joda-time\joda-time\jars\joda-time-2.8.1.jar, C:\Users\kweku\.ivy2\cache\org.joda\joda-convert\jars\joda-convert-1.7.jar, C:\Users\kweku\.ivy2\cache\org.scala-lang\scala-reflect\jars\scala-reflect-2.11.6.jar, C:\Users\kweku\.ivy2\cache\com.fasterxml.jackson.core\jackson-core\bundles\jackson-core-2.5.4.jar, C:\Users\kweku\.ivy2\cache\com.fasterxml.jackson.core\jackson-annotations\bundles\jackson-annotations-2.5.4.jar, C:\Users\kweku\.ivy2\cache\com.fasterxml.jackson.core\jackson-databind\bundles\jackson-databind-2.5.4.jar, C:\Users\kweku\.ivy2\cache\com.fasterxml.jackson.datatype\jackson-datatype-jdk8\bundles\jackson-datatype-jdk8-2.5.4.jar, C:\Users\kweku\.ivy2\cache\com.fasterxml.jackson.datatype\jackson-datatype-jsr310\bundles\jackson-datatype-jsr310-2.5.4.jar, C:\Users\kweku\.ivy2\cache\com.typesafe.play\play-netty-utils\jars\play-netty-utils-2.4.2.jar, C:\Users\kweku\.ivy2\cache\org.slf4j\slf4j-api\jars\slf4j-api-1.7.12.jar, C:\Users\kweku\.ivy2\cache\org.slf4j\jul-to-slf4j\jars\jul-to-slf4j-1.7.12.jar, C:\Users\kweku\.ivy2\cache\org.slf4j\jcl-over-slf4j\jars\jcl-over-slf4j-1.7.12.jar, C:\Users\kweku\.ivy2\cache\org.scala-lang.modules\scala-parser-combinators_2.11\bundles\scala-parser-combinators_2.11-1.0.1.jar, C:\Users\kweku\.ivy2\cache\ch.qos.logback\logback-core\jars\logback-core-1.1.3.jar, C:\Users\kweku\.ivy2\cache\ch.qos.logback\logback-classic\jars\logback-classic-1.1.3.jar, C:\Users\kweku\.ivy2\cache\com.typesafe.akka\akka-actor_2.11\jars\akka-actor_2.11-2.3.11.jar, C:\Users\kweku\.ivy2\cache\com.typesafe.akka\akka-slf4j_2.11\jars\akka-slf4j_2.11-2.3.11.jar, C:\Users\kweku\.ivy2\cache\commons-codec\commons-codec\jars\commons-codec-1.10.jar, C:\Users\kweku\.ivy2\cache\xerces\xercesImpl\jars\xercesImpl-2.11.0.jar, C:\Users\kweku\.ivy2\cache\xml-apis\xml-apis\jars\xml-apis-1.4.01.jar, C:\Users\kweku\.ivy2\cache\javax.transaction\jta\jars\jta-1.1.jar, C:\Users\kweku\.ivy2\cache\com.google.inject\guice\jars\guice-4.0.jar, C:\Users\kweku\.ivy2\cache\javax.inject\javax.inject\jars\javax.inject-1.jar, C:\Users\kweku\.ivy2\cache\aopalliance\aopalliance\jars\aopalliance-1.0.jar, C:\Users\kweku\.ivy2\cache\com.google.inject.extensions\guice-assistedinject\jars\guice-assistedinject-4.0.jar, C:\Users\kweku\.ivy2\cache\com.typesafe.play\play-netty-server_2.11\jars\play-netty-server_2.11-2.4.2.jar, C:\Users\kweku\.ivy2\cache\io.netty\netty\bundles\netty-3.10.3.Final.jar, C:\Users\kweku\.ivy2\cache\com.typesafe.netty\netty-http-pipelining\jars\netty-http-pipelining-1.1.4.jar, C:\Users\kweku\.ivy2\cache\com.typesafe.play\play-cache_2.11\jars\play-cache_2.11-2.4.2.jar, C:\Users\kweku\.ivy2\cache\net.sf.ehcache\ehcache-core\jars\ehcache-core-2.6.11.jar, C:\Users\kweku\.ivy2\cache\com.mohiva\play-silhouette_2.11\jars\play-silhouette_2.11-3.0.0-RC2.jar, C:\Users\kweku\.ivy2\cache\com.typesafe.play\play-ws_2.11\jars\play-ws_2.11-2.4.1.jar, C:\Users\kweku\.ivy2\cache\com.google.guava\guava\bundles\guava-18.0.jar, C:\Users\kweku\.ivy2\cache\com.ning\async-http-client\jars\async-http-client-1.9.21.jar, C:\Users\kweku\.ivy2\cache\oauth.signpost\signpost-core\jars\signpost-core-1.2.1.2.jar, C:\Users\kweku\.ivy2\cache\oauth.signpost\signpost-commonshttp4\jars\signpost-commonshttp4-1.2.1.2.jar, C:\Users\kweku\.ivy2\cache\org.apache.httpcomponents\httpcore\jars\httpcore-4.0.1.jar, C:\Users\kweku\.ivy2\cache\org.apache.httpcomponents\httpclient\jars\httpclient-4.0.1.jar, C:\Users\kweku\.ivy2\cache\commons-logging\commons-logging\jars\commons-logging-1.1.1.jar, C:\Users\kweku\.ivy2\cache\org.mindrot\jbcrypt\jars\jbcrypt-0.3m.jar, C:\Users\kweku\.ivy2\cache\com.atlassian.jwt\jwt-core\jars\jwt-core-1.2.4.jar, C:\Users\kweku\.ivy2\cache\com.nimbusds\nimbus-jose-jwt\jars\nimbus-jose-jwt-2.16.jar, C:\Users\kweku\.ivy2\cache\net.jcip\jcip-annotations\jars\jcip-annotations-1.0.jar, C:\Users\kweku\.ivy2\cache\net.minidev\json-smart\jars\json-smart-1.1.1.jar, C:\Users\kweku\.ivy2\cache\javax.mail\mail\jars\mail-1.4.7.jar, C:\Users\kweku\.ivy2\cache\javax.activation\activation\jars\activation-1.1.jar, C:\Users\kweku\.ivy2\cache\org.bouncycastle\bcprov-jdk15on\jars\bcprov-jdk15on-1.51.jar, C:\Users\kweku\.ivy2\cache\com.atlassian.jwt\jwt-api\jars\jwt-api-1.2.4.jar, C:\Users\kweku\.ivy2\cache\com.google.code.findbugs\jsr305\jars\jsr305-2.0.1.jar, C:\Users\kweku\.ivy2\cache\com.kyleu\jdub-async_2.11\jars\jdub-async_2.11-1.0.jar, C:\Users\kweku\.ivy2\cache\com.github.mauricio\postgresql-async_2.11\jars\postgresql-async_2.11-0.2.16.jar, C:\Users\kweku\.ivy2\cache\com.github.mauricio\db-async-common_2.11\jars\db-async-common_2.11-0.2.16.jar, C:\Users\kweku\.ivy2\cache\io.netty\netty-all\jars\netty-all-4.0.25.Final.jar, C:\Users\kweku\.ivy2\cache\org.webjars\bootstrap\jars\bootstrap-3.3.5.jar, C:\Users\kweku\.ivy2\cache\org.webjars\jquery\jars\jquery-1.11.1.jar),List((public/,C:\Users\kweku\Documents\play\play-silhouette-postgres-async-seed\target\web\public\main)),List(C:\Users\kweku\.ivy2\cache\com.typesafe.play\play-omnidoc_2.11\jars\play-omnidoc_2.11-2.4.2.jar, C:\Users\kweku\.ivy2\cache\org.scala-lang\scala-library\jars\scala-library-2.11.6.jar, C:\Users\kweku\.ivy2\cache\com.typesafe.play\play-docs_2.11\jars\play-docs_2.11-2.4.2.jar, C:\Users\kweku\.ivy2\cache\com.typesafe.play\play-netty-server_2.11\jars\play-netty-server_2.11-2.4.2.jar, C:\Users\kweku\.ivy2\cache\com.typesafe.play\play-server_2.11\jars\play-server_2.11-2.4.2.jar, C:\Users\kweku\.ivy2\cache\com.typesafe.play\play_2.11\jars\play_2.11-2.4.2.jar, C:\Users\kweku\.ivy2\cache\com.typesafe.play\build-link\jars\build-link-2.4.2.jar, C:\Users\kweku\.ivy2\cache\com.typesafe.play\play-exceptions\jars\play-exceptions-2.4.2.jar, C:\Users\kweku\.ivy2\cache\org.javassist\javassist\bundles\javassist-3.19.0-GA.jar, C:\Users\kweku\.ivy2\cache\com.typesafe.play\play-iteratees_2.11\jars\play-iteratees_2.11-2.4.2.jar, C:\Users\kweku\.ivy2\cache\org.scala-stm\scala-stm_2.11\jars\scala-stm_2.11-0.7.jar, C:\Users\kweku\.ivy2\cache\com.typesafe\config\bundles\config-1.3.0.jar, C:\Users\kweku\.ivy2\cache\com.typesafe.play\play-json_2.11\jars\play-json_2.11-2.4.2.jar, C:\Users\kweku\.ivy2\cache\com.typesafe.play\play-functional_2.11\jars\play-functional_2.11-2.4.2.jar, C:\Users\kweku\.ivy2\cache\com.typesafe.play\play-datacommons_2.11\jars\play-datacommons_2.11-2.4.2.jar, C:\Users\kweku\.ivy2\cache\joda-time\joda-time\jars\joda-time-2.8.1.jar, C:\Users\kweku\.ivy2\cache\org.joda\joda-convert\jars\joda-convert-1.7.jar, C:\Users\kweku\.ivy2\cache\org.scala-lang\scala-reflect\jars\scala-reflect-2.11.6.jar, C:\Users\kweku\.ivy2\cache\com.fasterxml.jackson.core\jackson-core\bundles\jackson-core-2.5.4.jar, C:\Users\kweku\.ivy2\cache\com.fasterxml.jackson.core\jackson-annotations\bundles\jackson-annotations-2.5.4.jar, C:\Users\kweku\.ivy2\cache\com.fasterxml.jackson.core\jackson-databind\bundles\jackson-databind-2.5.4.jar, C:\Users\kweku\.ivy2\cache\com.fasterxml.jackson.datatype\jackson-datatype-jdk8\bundles\jackson-datatype-jdk8-2.5.4.jar, C:\Users\kweku\.ivy2\cache\com.fasterxml.jackson.datatype\jackson-datatype-jsr310\bundles\jackson-datatype-jsr310-2.5.4.jar, C:\Users\kweku\.ivy2\cache\com.typesafe.play\play-netty-utils\jars\play-netty-utils-2.4.2.jar, C:\Users\kweku\.ivy2\cache\org.slf4j\slf4j-api\jars\slf4j-api-1.7.12.jar, C:\Users\kweku\.ivy2\cache\org.slf4j\jul-to-slf4j\jars\jul-to-slf4j-1.7.12.jar, C:\Users\kweku\.ivy2\cache\org.slf4j\jcl-over-slf4j\jars\jcl-over-slf4j-1.7.12.jar, C:\Users\kweku\.ivy2\cache\com.typesafe.play\twirl-api_2.11\jars\twirl-api_2.11-1.1.1.jar, C:\Users\kweku\.ivy2\cache\org.apache.commons\commons-lang3\jars\commons-lang3-3.4.jar, C:\Users\kweku\.ivy2\cache\org.scala-lang.modules\scala-xml_2.11\bundles\scala-xml_2.11-1.0.1.jar, C:\Users\kweku\.ivy2\cache\org.scala-lang.modules\scala-parser-combinators_2.11\bundles\scala-parser-combinators_2.11-1.0.1.jar, C:\Users\kweku\.ivy2\cache\ch.qos.logback\logback-core\jars\logback-core-1.1.3.jar, C:\Users\kweku\.ivy2\cache\ch.qos.logback\logback-classic\jars\logback-classic-1.1.3.jar, C:\Users\kweku\.ivy2\cache\com.typesafe.akka\akka-actor_2.11\jars\akka-actor_2.11-2.3.11.jar, C:\Users\kweku\.ivy2\cache\com.typesafe.akka\akka-slf4j_2.11\jars\akka-slf4j_2.11-2.3.11.jar, C:\Users\kweku\.ivy2\cache\commons-codec\commons-codec\jars\commons-codec-1.10.jar, C:\Users\kweku\.ivy2\cache\xerces\xercesImpl\jars\xercesImpl-2.11.0.jar, C:\Users\kweku\.ivy2\cache\xml-apis\xml-apis\jars\xml-apis-1.4.01.jar, C:\Users\kweku\.ivy2\cache\javax.transaction\jta\jars\jta-1.1.jar, C:\Users\kweku\.ivy2\cache\com.google.inject\guice\jars\guice-4.0.jar, C:\Users\kweku\.ivy2\cache\javax.inject\javax.inject\jars\javax.inject-1.jar, C:\Users\kweku\.ivy2\cache\aopalliance\aopalliance\jars\aopalliance-1.0.jar, C:\Users\kweku\.ivy2\cache\com.google.guava\guava\bundles\guava-16.0.1.jar, C:\Users\kweku\.ivy2\cache\com.google.inject.extensions\guice-assistedinject\jars\guice-assistedinject-4.0.jar, C:\Users\kweku\.ivy2\cache\io.netty\netty\bundles\netty-3.10.3.Final.jar, C:\Users\kweku\.ivy2\cache\com.typesafe.netty\netty-http-pipelining\jars\netty-http-pipelining-1.1.4.jar, C:\Users\kweku\.ivy2\cache\com.typesafe.play\play-doc_2.11\jars\play-doc_2.11-1.2.2.jar, C:\Users\kweku\.ivy2\cache\org.pegdown\pegdown\jars\pegdown-1.4.0.jar, C:\Users\kweku\.ivy2\cache\org.parboiled\parboiled-java\bundles\parboiled-java-1.1.5.jar, C:\Users\kweku\.ivy2\cache\org.parboiled\parboiled-core\bundles\parboiled-core-1.1.5.jar, C:\Users\kweku\.ivy2\cache\org.ow2.asm\asm\jars\asm-4.1.jar, C:\Users\kweku\.ivy2\cache\org.ow2.asm\asm-tree\jars\asm-tree-4.1.jar, C:\Users\kweku\.ivy2\cache\org.ow2.asm\asm-analysis\jars\asm-analysis-4.1.jar, C:\Users\kweku\.ivy2\cache\org.ow2.asm\asm-util\jars\asm-util-4.1.jar, C:\Users\kweku\.ivy2\cache\commons-io\commons-io\jars\commons-io-2.4.jar),Some(C:\Users\kweku\.ivy2\cache\com.typesafe.play\play-omnidoc_2.11\jars\play-omnidoc_2.11-2.4.2.jar),List(),9000,0.0.0.0,DefaultWatchService,List(C:\Users\kweku\Documents\play\play-silhouette-postgres-async-seed\public, C:\Users\kweku\Documents\play\play-silhouette-postgres-async-seed\conf, C:\Users\kweku\Documents\play\play-silhouette-postgres-async-seed\app),C:\Users\kweku\Documents\play\play-silhouette-postgres-async-seed\target,500,root/playForkNotifyStart,root/playForkReload,300000,play.core.server.DevServerStart),scala.pickling.PicklerUnpickler$DelegatingPicklerUnpickler@5566335a),ForkConfig(C:\Users\kweku\Documents\play\play-silhouette-postgres-async-seed,List(),List(C:\Users\kweku\.ivy2\cache\org.scala-lang\scala-library\jars\scala-library-2.11.7.jar, C:\Users\kweku\.ivy2\cache\com.typesafe.play\twirl-api_2.11\jars\twirl-api_2.11-1.1.1.jar, C:\Users\kweku\.ivy2\cache\org.apache.commons\commons-lang3\jars\commons-lang3-3.4.jar, C:\Users\kweku\.ivy2\cache\org.scala-lang.modules\scala-xml_2.11\bundles\scala-xml_2.11-1.0.1.jar, C:\Users\kweku\.ivy2\cache\com.typesafe.play\play-server_2.11\jars\play-server_2.11-2.4.2.jar, C:\Users\kweku\.ivy2\cache\com.typesafe.play\play_2.11\jars\play_2.11-2.4.2.jar, C:\Users\kweku\.ivy2\cache\com.typesafe.play\build-link\jars\build-link-2.4.2.jar, C:\Users\kweku\.ivy2\cache\com.typesafe.play\play-exceptions\jars\play-exceptions-2.4.2.jar, C:\Users\kweku\.ivy2\cache\org.javassist\javassist\bundles\javassist-3.19.0-GA.jar, C:\Users\kweku\.ivy2\cache\com.typesafe.play\play-iteratees_2.11\jars\play-iteratees_2.11-2.4.2.jar, C:\Users\kweku\.ivy2\cache\org.scala-stm\scala-stm_2.11\jars\scala-stm_2.11-0.7.jar, C:\Users\kweku\.ivy2\cache\com.typesafe\config\bundles\config-1.3.0.jar, C:\Users\kweku\.ivy2\cache\com.typesafe.play\play-json_2.11\jars\play-json_2.11-2.4.2.jar, C:\Users\kweku\.ivy2\cache\com.typesafe.play\play-functional_2.11\jars\play-functional_2.11-2.4.2.jar, C:\Users\kweku\.ivy2\cache\com.typesafe.play\play-datacommons_2.11\jars\play-datacommons_2.11-2.4.2.jar, C:\Users\kweku\.ivy2\cache\joda-time\joda-time\jars\joda-time-2.8.1.jar, C:\Users\kweku\.ivy2\cache\org.joda\joda-convert\jars\joda-convert-1.7.jar, C:\Users\kweku\.ivy2\cache\org.scala-lang\scala-reflect\jars\scala-reflect-2.11.6.jar, C:\Users\kweku\.ivy2\cache\com.fasterxml.jackson.core\jackson-core\bundles\jackson-core-2.5.4.jar, C:\Users\kweku\.ivy2\cache\com.fasterxml.jackson.core\jackson-annotations\bundles\jackson-annotations-2.5.4.jar, C:\Users\kweku\.ivy2\cache\com.fasterxml.jackson.core\jackson-databind\bundles\jackson-databind-2.5.4.jar, C:\Users\kweku\.ivy2\cache\com.fasterxml.jackson.datatype\jackson-datatype-jdk8\bundles\jackson-datatype-jdk8-2.5.4.jar, C:\Users\kweku\.ivy2\cache\com.fasterxml.jackson.datatype\jackson-datatype-jsr310\bundles\jackson-datatype-jsr310-2.5.4.jar, C:\Users\kweku\.ivy2\cache\com.typesafe.play\play-netty-utils\jars\play-netty-utils-2.4.2.jar, C:\Users\kweku\.ivy2\cache\org.slf4j\slf4j-api\jars\slf4j-api-1.7.12.jar, C:\Users\kweku\.ivy2\cache\org.slf4j\jul-to-slf4j\jars\jul-to-slf4j-1.7.12.jar, C:\Users\kweku\.ivy2\cache\org.slf4j\jcl-over-slf4j\jars\jcl-over-slf4j-1.7.12.jar, C:\Users\kweku\.ivy2\cache\org.scala-lang.modules\scala-parser-combinators_2.11\bundles\scala-parser-combinators_2.11-1.0.1.jar, C:\Users\kweku\.ivy2\cache\ch.qos.logback\logback-core\jars\logback-core-1.1.3.jar, C:\Users\kweku\.ivy2\cache\ch.qos.logback\logback-classic\jars\logback-classic-1.1.3.jar, C:\Users\kweku\.ivy2\cache\com.typesafe.akka\akka-actor_2.11\jars\akka-actor_2.11-2.3.11.jar, C:\Users\kweku\.ivy2\cache\com.typesafe.akka\akka-slf4j_2.11\jars\akka-slf4j_2.11-2.3.11.jar, C:\Users\kweku\.ivy2\cache\commons-codec\commons-codec\jars\commons-codec-1.10.jar, C:\Users\kweku\.ivy2\cache\xerces\xercesImpl\jars\xercesImpl-2.11.0.jar, C:\Users\kweku\.ivy2\cache\xml-apis\xml-apis\jars\xml-apis-1.4.01.jar, C:\Users\kweku\.ivy2\cache\javax.transaction\jta\jars\jta-1.1.jar, C:\Users\kweku\.ivy2\cache\com.google.inject\guice\jars\guice-4.0.jar, C:\Users\kweku\.ivy2\cache\javax.inject\javax.inject\jars\javax.inject-1.jar, C:\Users\kweku\.ivy2\cache\aopalliance\aopalliance\jars\aopalliance-1.0.jar, C:\Users\kweku\.ivy2\cache\com.google.inject.extensions\guice-assistedinject\jars\guice-assistedinject-4.0.jar, C:\Users\kweku\.ivy2\cache\com.typesafe.play\play-netty-server_2.11\jars\play-netty-server_2.11-2.4.2.jar, C:\Users\kweku\.ivy2\cache\io.netty\netty\bundles\netty-3.10.3.Final.jar, C:\Users\kweku\.ivy2\cache\com.typesafe.netty\netty-http-pipelining\jars\netty-http-pipelining-1.1.4.jar, C:\Users\kweku\.ivy2\cache\com.typesafe.play\play-cache_2.11\jars\play-cache_2.11-2.4.2.jar, C:\Users\kweku\.ivy2\cache\net.sf.ehcache\ehcache-core\jars\ehcache-core-2.6.11.jar, C:\Users\kweku\.ivy2\cache\com.mohiva\play-silhouette_2.11\jars\play-silhouette_2.11-3.0.0-RC2.jar, C:\Users\kweku\.ivy2\cache\com.typesafe.play\play-ws_2.11\jars\play-ws_2.11-2.4.1.jar, C:\Users\kweku\.ivy2\cache\com.google.guava\guava\bundles\guava-18.0.jar, C:\Users\kweku\.ivy2\cache\com.ning\async-http-client\jars\async-http-client-1.9.21.jar, C:\Users\kweku\.ivy2\cache\oauth.signpost\signpost-core\jars\signpost-core-1.2.1.2.jar, C:\Users\kweku\.ivy2\cache\oauth.signpost\signpost-commonshttp4\jars\signpost-commonshttp4-1.2.1.2.jar, C:\Users\kweku\.ivy2\cache\org.apache.httpcomponents\httpcore\jars\httpcore-4.0.1.jar, C:\Users\kweku\.ivy2\cache\org.apache.httpcomponents\httpclient\jars\httpclient-4.0.1.jar, C:\Users\kweku\.ivy2\cache\commons-logging\commons-logging\jars\commons-logging-1.1.1.jar, C:\Users\kweku\.ivy2\cache\org.mindrot\jbcrypt\jars\jbcrypt-0.3m.jar, C:\Users\kweku\.ivy2\cache\com.atlassian.jwt\jwt-core\jars\jwt-core-1.2.4.jar, C:\Users\kweku\.ivy2\cache\com.nimbusds\nimbus-jose-jwt\jars\nimbus-jose-jwt-2.16.jar, C:\Users\kweku\.ivy2\cache\net.jcip\jcip-annotations\jars\jcip-annotations-1.0.jar, C:\Users\kweku\.ivy2\cache\net.minidev\json-smart\jars\json-smart-1.1.1.jar, C:\Users\kweku\.ivy2\cache\javax.mail\mail\jars\mail-1.4.7.jar, C:\Users\kweku\.ivy2\cache\javax.activation\activation\jars\activation-1.1.jar, C:\Users\kweku\.ivy2\cache\org.bouncycastle\bcprov-jdk15on\jars\bcprov-jdk15on-1.51.jar, C:\Users\kweku\.ivy2\cache\com.atlassian.jwt\jwt-api\jars\jwt-api-1.2.4.jar, C:\Users\kweku\.ivy2\cache\com.google.code.findbugs\jsr305\jars\jsr305-2.0.1.jar, C:\Users\kweku\.ivy2\cache\com.kyleu\jdub-async_2.11\jars\jdub-async_2.11-1.0.jar, C:\Users\kweku\.ivy2\cache\com.github.mauricio\postgresql-async_2.11\jars\postgresql-async_2.11-0.2.16.jar, C:\Users\kweku\.ivy2\cache\com.github.mauricio\db-async-common_2.11\jars\db-async-common_2.11-0.2.16.jar, C:\Users\kweku\.ivy2\cache\io.netty\netty-all\jars\netty-all-4.0.25.Final.jar, C:\Users\kweku\.ivy2\cache\org.webjars\bootstrap\jars\bootstrap-3.3.5.jar, C:\Users\kweku\.ivy2\cache\org.webjars\jquery\jars\jquery-1.11.1.jar),List((public/,C:\Users\kweku\Documents\play\play-silhouette-postgres-async-seed\target\web\public\main)),List(C:\Users\kweku\.ivy2\cache\com.typesafe.play\play-omnidoc_2.11\jars\play-omnidoc_2.11-2.4.2.jar, C:\Users\kweku\.ivy2\cache\org.scala-lang\scala-library\jars\scala-library-2.11.6.jar, C:\Users\kweku\.ivy2\cache\com.typesafe.play\play-docs_2.11\jars\play-docs_2.11-2.4.2.jar, C:\Users\kweku\.ivy2\cache\com.typesafe.play\play-netty-server_2.11\jars\play-netty-server_2.11-2.4.2.jar, C:\Users\kweku\.ivy2\cache\com.typesafe.play\play-server_2.11\jars\play-server_2.11-2.4.2.jar, C:\Users\kweku\.ivy2\cache\com.typesafe.play\play_2.11\jars\play_2.11-2.4.2.jar, C:\Users\kweku\.ivy2\cache\com.typesafe.play\build-link\jars\build-link-2.4.2.jar, C:\Users\kweku\.ivy2\cache\com.typesafe.play\play-exceptions\jars\play-exceptions-2.4.2.jar, C:\Users\kweku\.ivy2\cache\org.javassist\javassist\bundles\javassist-3.19.0-GA.jar, C:\Users\kweku\.ivy2\cache\com.typesafe.play\play-iteratees_2.11\jars\play-iteratees_2.11-2.4.2.jar, C:\Users\kweku\.ivy2\cache\org.scala-stm\scala-stm_2.11\jars\scala-stm_2.11-0.7.jar, C:\Users\kweku\.ivy2\cache\com.typesafe\config\bundles\config-1.3.0.jar, C:\Users\kweku\.ivy2\cache\com.typesafe.play\play-json_2.11\jars\play-json_2.11-2.4.2.jar, C:\Users\kweku\.ivy2\cache\com.typesafe.play\play-functional_2.11\jars\play-functional_2.11-2.4.2.jar, C:\Users\kweku\.ivy2\cache\com.typesafe.play\play-datacommons_2.11\jars\play-datacommons_2.11-2.4.2.jar, C:\Users\kweku\.ivy2\cache\joda-time\joda-time\jars\joda-time-2.8.1.jar, C:\Users\kweku\.ivy2\cache\org.joda\joda-convert\jars\joda-convert-1.7.jar, C:\Users\kweku\.ivy2\cache\org.scala-lang\scala-reflect\jars\scala-reflect-2.11.6.jar, C:\Users\kweku\.ivy2\cache\com.fasterxml.jackson.core\jackson-core\bundles\jackson-core-2.5.4.jar, C:\Users\kweku\.ivy2\cache\com.fasterxml.jackson.core\jackson-annotations\bundles\jackson-annotations-2.5.4.jar, C:\Users\kweku\.ivy2\cache\com.fasterxml.jackson.core\jackson-databind\bundles\jackson-databind-2.5.4.jar, C:\Users\kweku\.ivy2\cache\com.fasterxml.jackson.datatype\jackson-datatype-jdk8\bundles\jackson-datatype-jdk8-2.5.4.jar, C:\Users\kweku\.ivy2\cache\com.fasterxml.jackson.datatype\jackson-datatype-jsr310\bundles\jackson-datatype-jsr310-2.5.4.jar, C:\Users\kweku\.ivy2\cache\com.typesafe.play\play-netty-utils\jars\play-netty-utils-2.4.2.jar, C:\Users\kweku\.ivy2\cache\org.slf4j\slf4j-api\jars\slf4j-api-1.7.12.jar, C:\Users\kweku\.ivy2\cache\org.slf4j\jul-to-slf4j\jars\jul-to-slf4j-1.7.12.jar, C:\Users\kweku\.ivy2\cache\org.slf4j\jcl-over-slf4j\jars\jcl-over-slf4j-1.7.12.jar, C:\Users\kweku\.ivy2\cache\com.typesafe.play\twirl-api_2.11\jars\twirl-api_2.11-1.1.1.jar, C:\Users\kweku\.ivy2\cache\org.apache.commons\commons-lang3\jars\commons-lang3-3.4.jar, C:\Users\kweku\.ivy2\cache\org.scala-lang.modules\scala-xml_2.11\bundles\scala-xml_2.11-1.0.1.jar, C:\Users\kweku\.ivy2\cache\org.scala-lang.modules\scala-parser-combinators_2.11\bundles\scala-parser-combinators_2.11-1.0.1.jar, C:\Users\kweku\.ivy2\cache\ch.qos.logback\logback-core\jars\logback-core-1.1.3.jar, C:\Users\kweku\.ivy2\cache\ch.qos.logback\logback-classic\jars\logback-classic-1.1.3.jar, C:\Users\kweku\.ivy2\cache\com.typesafe.akka\akka-actor_2.11\jars\akka-actor_2.11-2.3.11.jar, C:\Users\kweku\.ivy2\cache\com.typesafe.akka\akka-slf4j_2.11\jars\akka-slf4j_2.11-2.3.11.jar, C:\Users\kweku\.ivy2\cache\commons-codec\commons-codec\jars\commons-codec-1.10.jar, C:\Users\kweku\.ivy2\cache\xerces\xercesImpl\jars\xercesImpl-2.11.0.jar, C:\Users\kweku\.ivy2\cache\xml-apis\xml-apis\jars\xml-apis-1.4.01.jar, C:\Users\kweku\.ivy2\cache\javax.transaction\jta\jars\jta-1.1.jar, C:\Users\kweku\.ivy2\cache\com.google.inject\guice\jars\guice-4.0.jar, C:\Users\kweku\.ivy2\cache\javax.inject\javax.inject\jars\javax.inject-1.jar, C:\Users\kweku\.ivy2\cache\aopalliance\aopalliance\jars\aopalliance-1.0.jar, C:\Users\kweku\.ivy2\cache\com.google.guava\guava\bundles\guava-16.0.1.jar, C:\Users\kweku\.ivy2\cache\com.google.inject.extensions\guice-assistedinject\jars\guice-assistedinject-4.0.jar, C:\Users\kweku\.ivy2\cache\io.netty\netty\bundles\netty-3.10.3.Final.jar, C:\Users\kweku\.ivy2\cache\com.typesafe.netty\netty-http-pipelining\jars\netty-http-pipelining-1.1.4.jar, C:\Users\kweku\.ivy2\cache\com.typesafe.play\play-doc_2.11\jars\play-doc_2.11-1.2.2.jar, C:\Users\kweku\.ivy2\cache\org.pegdown\pegdown\jars\pegdown-1.4.0.jar, C:\Users\kweku\.ivy2\cache\org.parboiled\parboiled-java\bundles\parboiled-java-1.1.5.jar, C:\Users\kweku\.ivy2\cache\org.parboiled\parboiled-core\bundles\parboiled-core-1.1.5.jar, C:\Users\kweku\.ivy2\cache\org.ow2.asm\asm\jars\asm-4.1.jar, C:\Users\kweku\.ivy2\cache\org.ow2.asm\asm-tree\jars\asm-tree-4.1.jar, C:\Users\kweku\.ivy2\cache\org.ow2.asm\asm-analysis\jars\asm-analysis-4.1.jar, C:\Users\kweku\.ivy2\cache\org.ow2.asm\asm-util\jars\asm-util-4.1.jar, C:\Users\kweku\.ivy2\cache\commons-io\commons-io\jars\commons-io-2.4.jar),Some(C:\Users\kweku\.ivy2\cache\com.typesafe.play\play-omnidoc_2.11\jars\play-omnidoc_2.11-2.4.2.jar),List(),9000,0.0.0.0,DefaultWatchService,List(C:\Users\kweku\Documents\play\play-silhouette-postgres-async-seed\public, C:\Users\kweku\Documents\play\play-silhouette-postgres-async-seed\conf, C:\Users\kweku\Documents\play\play-silhouette-postgres-async-seed\app),C:\Users\kweku\Documents\play\play-silhouette-postgres-async-seed\target,500,root/playForkNotifyStart,root/playForkReload,300000,play.core.server.DevServerStart))))
Sending msg to client play-fork-run-449bf514-25be-486e-9789-22ea655f3718: TaskStarted(10,801,None)
Sending msg to client play-fork-run-449bf514-25be-486e-9789-22ea655f3718: TaskFinished(10,801,None,true,None)
Sending msg to client play-fork-run-449bf514-25be-486e-9789-22ea655f3718: TaskStarted(10,800,None)
Sending msg to client play-fork-run-449bf514-25be-486e-9789-22ea655f3718: TaskFinished(10,800,None,true,None)
Sending msg to client play-fork-run-449bf514-25be-486e-9789-22ea655f3718: DetachedLogEvent(LogMessage(debug,cancel strategy finish enabled=false lastCommand=Some(LastCommand(CommandExecutionWork(ExecutionId(10),{file:/C:/Users/kweku/Documents/play/play-silhouette-postgres-async-seed/}root/*:playForkConfig,Set(LiveClient(play-fork-run 449bf514-25be-486e-9789-22ea655f3718)),sbt.server.WorkCancellationStatus$$anon$1@75226788)))))
Sending msg to client play-fork-run-449bf514-25be-486e-9789-22ea655f3718: DetachedLogEvent(LogSuccess(Total time: 2 s, completed Jul 14, 2015 5:50:58 AM))
Sending msg to client play-fork-run-449bf514-25be-486e-9789-22ea655f3718: DetachedLogEvent(LogMessage(debug,> server-post-command-cleanup))
Sending msg to client play-fork-run-449bf514-25be-486e-9789-22ea655f3718: ExecutionSuccess(10)
Sending msg to client play-fork-run-449bf514-25be-486e-9789-22ea655f3718: DetachedLogEvent(LogMessage(debug,> server-handle-next-server-request))
Sending msg to client play-fork-run-449bf514-25be-486e-9789-22ea655f3718: BackgroundJobLogEvent(1,LogMessage(info,))
Sending msg to client play-fork-run-449bf514-25be-486e-9789-22ea655f3718: BackgroundJobLogEvent(1,LogMessage(info,--- (Running the application, auto-reloading is enabled) ---))
Sending msg to client play-fork-run-449bf514-25be-486e-9789-22ea655f3718: BackgroundJobLogEvent(1,LogMessage(info,))
Sending msg to client play-fork-run-449bf514-25be-486e-9789-22ea655f3718: BackgroundJobLogEvent(1,LogMessage(info,p.a.l.c.ActorSystemProvider - Starting application default Akka system: application))
Sending msg to client play-fork-run-449bf514-25be-486e-9789-22ea655f3718: BackgroundJobLogEvent(1,LogMessage(info,p.c.s.NettyServer - Listening for HTTP on /0:0:0:0:0:0:0:0:9000))
Sending msg to client play-fork-run-449bf514-25be-486e-9789-22ea655f3718: BackgroundJobLogEvent(1,LogMessage(info,))
Sending msg to client play-fork-run-449bf514-25be-486e-9789-22ea655f3718: BackgroundJobLogEvent(1,LogMessage(info,(Server started, use Ctrl+D to stop and go back to the console...)))
Sending msg to client play-fork-run-449bf514-25be-486e-9789-22ea655f3718: BackgroundJobLogEvent(1,LogMessage(info,))
Got request: ExecutionRequest(root/playForkNotifyStart http://localhost:9000)
Reading next message from client.
Sending msg to client play-fork-run-449bf514-25be-486e-9789-22ea655f3718: (8,ExecutionRequestReceived(11))
Sending msg to client play-fork-run-449bf514-25be-486e-9789-22ea655f3718: ExecutionWaiting(11,root/playForkNotifyStart http://localhost:9000,ClientInfo(449bf514-25be-486e-9789-22ea655f3718,play-fork-run,Play Fork Run,1,Vector()))
Sending msg to client play-fork-run-449bf514-25be-486e-9789-22ea655f3718: ExecutionStarting(11)
Sending msg to client play-fork-run-449bf514-25be-486e-9789-22ea655f3718: DetachedLogEvent(LogMessage(debug,> root/playForkNotifyStart http://localhost:9000))
Sending msg to client play-fork-run-449bf514-25be-486e-9789-22ea655f3718: DetachedLogEvent(LogMessage(debug,Evaluating tasks: *:playForkNotifyStart))
Sending msg to client play-fork-run-449bf514-25be-486e-9789-22ea655f3718: DetachedLogEvent(LogMessage(debug,Running task... Cancel: sbt.server.ServerTaskCancellation@686bd3ec, check cycles: false))
Sending msg to client play-fork-run-449bf514-25be-486e-9789-22ea655f3718: DetachedLogEvent(LogMessage(debug,cancel strategy start enabled=true lastCommand=Some(LastCommand(CommandExecutionWork(ExecutionId(11),root/playForkNotifyStart http://localhost:9000,Set(LiveClient(play-fork-run 449bf514-25be-486e-9789-22ea655f3718)),sbt.server.WorkCancellationStatus$$anon$1@18b5049c)))))
Sending msg to client play-fork-run-449bf514-25be-486e-9789-22ea655f3718: TaskStarted(11,878,Some(AttributeKey[sbt.SendEventService]("sendEventService") in Scope(Global)))
Sending msg to client play-fork-run-449bf514-25be-486e-9789-22ea655f3718: TaskFinished(11,878,Some(AttributeKey[sbt.SendEventService]("sendEventService") in Scope(Global)),true,None)
Sending msg to client play-fork-run-449bf514-25be-486e-9789-22ea655f3718: TaskStarted(11,877,Some(AttributeKey[scala.Function1[java.lang.String,void]]("playForkStarted") in Scope(Build: file:/C:/Users/kweku/Documents/play/play-silhouette-postgres-async-seed/, , Project: ProjectReference(file:/C:/Users/kweku/Documents/play/play-silhouette-postgres-async-seed/,root))))
Sending msg to client play-fork-run-449bf514-25be-486e-9789-22ea655f3718: TaskFinished(11,877,Some(AttributeKey[scala.Function1[java.lang.String,void]]("playForkStarted") in Scope(Build: file:/C:/Users/kweku/Documents/play/play-silhouette-postgres-async-seed/, , Project: ProjectReference(file:/C:/Users/kweku/Documents/play/play-silhouette-postgres-async-seed/,root))),true,None)
Sending msg to client play-fork-run-449bf514-25be-486e-9789-22ea655f3718: TaskStarted(11,876,Some(AttributeKey[void]("playForkNotifyStart") in Scope(Build: file:/C:/Users/kweku/Documents/play/play-silhouette-postgres-async-seed/, , Project: ProjectReference(file:/C:/Users/kweku/Documents/play/play-silhouette-postgres-async-seed/,root))))
Sending msg to client play-fork-run-449bf514-25be-486e-9789-22ea655f3718: TaskEvent(876,LazyValue(PlayServerStarted(http://localhost:9000),play.forkrun.protocol.Serializers$PlayForkrunProtocolPlayServerStartedPickler1$2$@52839442))
Sending msg to client play-fork-run-449bf514-25be-486e-9789-22ea655f3718: TaskFinished(11,876,Some(AttributeKey[void]("playForkNotifyStart") in Scope(Build: file:/C:/Users/kweku/Documents/play/play-silhouette-postgres-async-seed/, , Project: ProjectReference(file:/C:/Users/kweku/Documents/play/play-silhouette-postgres-async-seed/,root))),true,None)
Sending msg to client play-fork-run-449bf514-25be-486e-9789-22ea655f3718: TaskStarted(11,875,None)
Sending msg to client play-fork-run-449bf514-25be-486e-9789-22ea655f3718: TaskFinished(11,875,None,true,None)
Sending msg to client play-fork-run-449bf514-25be-486e-9789-22ea655f3718: TaskStarted(11,874,None)
Sending msg to client play-fork-run-449bf514-25be-486e-9789-22ea655f3718: TaskFinished(11,874,None,true,None)
Sending msg to client play-fork-run-449bf514-25be-486e-9789-22ea655f3718: DetachedLogEvent(LogMessage(debug,cancel strategy finish enabled=false lastCommand=Some(LastCommand(CommandExecutionWork(ExecutionId(11),root/playForkNotifyStart http://localhost:9000,Set(LiveClient(play-fork-run 449bf514-25be-486e-9789-22ea655f3718)),sbt.server.WorkCancellationStatus$$anon$1@18b5049c)))))
Sending msg to client play-fork-run-449bf514-25be-486e-9789-22ea655f3718: DetachedLogEvent(LogSuccess(Total time: 0 s, completed Jul 14, 2015 5:51:08 AM))
Sending msg to client play-fork-run-449bf514-25be-486e-9789-22ea655f3718: DetachedLogEvent(LogMessage(debug,> server-post-command-cleanup))
Sending msg to client play-fork-run-449bf514-25be-486e-9789-22ea655f3718: ExecutionSuccess(11)
Sending msg to client play-fork-run-449bf514-25be-486e-9789-22ea655f3718: DetachedLogEvent(LogMessage(debug,> server-handle-next-server-request))
Client play-fork-run-449bf514-25be-486e-9789-22ea655f3718 closed, java.net.SocketException: Socket closed, shutting down
Client play-fork-run-449bf514-25be-486e-9789-22ea655f3718 thread exiting.
Closing the 13160@kweku-notebook logs at Tue Jul 14 06:02:55 EDT 2015, goodbye.
